#
# A fatal error has been detected by the Java Runtime Environment:
#
#  Internal Error (javaCalls.cpp:51), pid=12524, tid=0x0000000000002d8c
#  guarantee(thread->is_Java_thread()) failed: crucial check - the VM thread cannot and must not escape to Java code
#
# JRE version: Java(TM) SE Runtime Environment (8.0_241-b07) (build 1.8.0_241-b07)
# Java VM: Java HotSpot(TM) 64-Bit Server VM (25.241-b07 mixed mode windows-amd64 compressed oops)
# Failed to write core dump. Minidumps are not enabled by default on client versions of Windows
#
# If you would like to submit a bug report, please visit:
#   http://bugreport.java.com/bugreport/crash.jsp
#

---------------  T H R E A D  ---------------

Current thread (0x000000001c257800):  VMThread [stack: 0x000000001d2f0000,0x000000001d3f0000] [id=11660]

Stack: [0x000000001d2f0000,0x000000001d3f0000]
[error occurred during error reporting (printing stack bounds), id 0xc0000005]

Native frames: (J=compiled Java code, j=interpreted, Vv=VM code, C=native code)

VM_Operation (0x000000001dd2f320): GetOrSetLocal, mode: safepoint, requested by thread 0x000000001c293800


---------------  P R O C E S S  ---------------

Java Threads: ( => current thread )
  0x000000001fa28000 JavaThread "Okio Watchdog" daemon [_thread_blocked, id=11988, stack(0x0000000021000000,0x0000000021100000)]
  0x000000001f82b000 JavaThread "OkHttp ConnectionPool" daemon [_thread_blocked, id=3232, stack(0x0000000020f00000,0x0000000021000000)]
  0x000000001ef8f800 JavaThread "Exec Stream Pumper" daemon [_thread_in_native, id=8212, stack(0x0000000020b00000,0x0000000020c00000)]
  0x000000001f537000 JavaThread "Exec Stream Pumper" daemon [_thread_in_native, id=8704, stack(0x0000000020a00000,0x0000000020b00000)]
  0x000000001f00c800 JavaThread "Exec Default Executor" daemon [_thread_in_native, id=10700, stack(0x0000000020800000,0x0000000020900000)]
  0x000000001ea75000 JavaThread "ReaderThread" [_thread_in_native, id=11476, stack(0x000000001f130000,0x000000001f230000)]
  0x000000001c2ee800 JavaThread "Service Thread" daemon [_thread_blocked, id=8584, stack(0x000000001e630000,0x000000001e730000)]
  0x000000001c2ea800 JavaThread "C1 CompilerThread2" daemon [_thread_blocked, id=11500, stack(0x000000001e530000,0x000000001e630000)]
  0x000000001c2bb000 JavaThread "C2 CompilerThread1" daemon [_thread_blocked, id=8472, stack(0x000000001e430000,0x000000001e530000)]
  0x000000001c2c5000 JavaThread "C2 CompilerThread0" daemon [_thread_blocked, id=10536, stack(0x000000001df30000,0x000000001e030000)]
  0x000000001c2ab000 JavaThread "JDWP Command Reader" daemon [_thread_in_native, id=10584, stack(0x000000001de30000,0x000000001df30000)]
  0x000000001c2aa000 JavaThread "JDWP Event Helper Thread" daemon [_thread_blocked, id=13036, stack(0x000000001dd30000,0x000000001de30000)]
  0x000000001c293800 JavaThread "JDWP Transport Listener: dt_socket" daemon [_thread_blocked, id=12292, stack(0x000000001dc30000,0x000000001dd30000)]
  0x000000001c28d800 JavaThread "Attach Listener" daemon [_thread_blocked, id=10720, stack(0x000000001d7f0000,0x000000001d8f0000)]
  0x000000001c29a000 JavaThread "Signal Dispatcher" daemon [_thread_blocked, id=12148, stack(0x000000001d6f0000,0x000000001d7f0000)]
  0x000000001c27a800 JavaThread "Finalizer" daemon [_thread_blocked, id=2976, stack(0x000000001d4f0000,0x000000001d5f0000)]
  0x0000000002be2000 JavaThread "Reference Handler" daemon [_thread_blocked, id=12964, stack(0x000000001d3f0000,0x000000001d4f0000)]
  0x0000000002af4000 JavaThread "main" [_thread_blocked, id=8412, stack(0x0000000002930000,0x0000000002a30000)]

Other Threads:
=>0x000000001c257800 VMThread [stack: 0x000000001d2f0000,0x000000001d3f0000] [id=11660]
  0x000000001e088800 WatcherThread [stack: 0x000000001e730000,0x000000001e830000] [id=5900]

VM state:at safepoint (normal execution)

VM Mutex/Monitor currently owned by a thread:  ([mutex/lock_event])
[0x0000000002af0a50] Threads_lock - owner thread: 0x000000001c257800

heap address: 0x00000006c0400000, size: 4092 MB, Compressed Oops mode: Zero based, Oop shift amount: 3
Narrow klass base: 0x0000000000000000, Narrow klass shift: 3
Compressed class space size: 1073741824 Address: 0x00000007c0000000

Heap:
 PSYoungGen      total 76288K, used 32650K [0x000000076ac00000, 0x0000000774100000, 0x00000007c0000000)
  eden space 65536K, 49% used [0x000000076ac00000,0x000000076cbe2900,0x000000076ec00000)
  from space 10752K, 0% used [0x000000076f680000,0x000000076f680000,0x0000000770100000)
  to   space 10752K, 0% used [0x000000076ec00000,0x000000076ec00000,0x000000076f680000)
 ParOldGen       total 84992K, used 6766K [0x00000006c0400000, 0x00000006c5700000, 0x000000076ac00000)
  object space 84992K, 7% used [0x00000006c0400000,0x00000006c0a9ba58,0x00000006c5700000)
 Metaspace       used 24274K, capacity 25200K, committed 25344K, reserved 1071104K
  class space    used 3031K, capacity 3278K, committed 3328K, reserved 1048576K

Card table byte_map: [0x0000000011fb0000,0x00000000127b0000] byte_map_base: 0x000000000e9ae000

Marking Bits: (ParMarkBitMap*) 0x0000000077f7be30
 Begin Bits: [0x0000000013110000, 0x0000000017100000)
 End Bits:   [0x0000000017100000, 0x000000001b0f0000)

Polling page: 0x0000000000e20000

CodeCache: size=245760Kb used=8795Kb max_used=8806Kb free=236964Kb
 bounds [0x0000000002bf0000, 0x0000000003490000, 0x0000000011bf0000]
 total_blobs=3012 nmethods=2561 adapters=372
 compilation: enabled

Compilation events (10 events):
Event: 18.043 Thread 0x000000001c2ea800 2557   !   3       org.openqa.selenium.json.JsonOutput::lambda$new$1 (24 bytes)
Event: 18.043 Thread 0x000000001c2ea800 nmethod 2557 0x0000000003489e10 code [0x0000000003489fa0, 0x000000000348a2b8]
Event: 18.043 Thread 0x000000001c2ea800 2558       3       okhttp3.HttpUrl$Builder::effectivePort (23 bytes)
Event: 18.044 Thread 0x000000001c2ea800 nmethod 2558 0x000000000348a450 code [0x000000000348a5e0, 0x000000000348aa18]
Event: 18.044 Thread 0x000000001c2ea800 2559       3       okhttp3.HttpUrl::defaultPort (27 bytes)
Event: 18.044 Thread 0x000000001c2ea800 nmethod 2559 0x000000000348ab50 code [0x000000000348acc0, 0x000000000348b018]
Event: 18.044 Thread 0x000000001c2ea800 2560       3       okhttp3.internal.http.RealInterceptorChain::<init> (68 bytes)
Event: 18.044 Thread 0x000000001c2ea800 nmethod 2560 0x000000000348b110 code [0x000000000348b260, 0x000000000348b4f0]
Event: 18.176 Thread 0x000000001c2c5000 2561       4       com.google.common.base.Preconditions::checkNotNull (14 bytes)
Event: 18.177 Thread 0x000000001c2c5000 nmethod 2561 0x000000000348e210 code [0x000000000348e340, 0x000000000348e398]

GC Heap History (6 events):
Event: 14.152 GC heap before
{Heap before GC invocations=1 (full 0):
 PSYoungGen      total 76288K, used 65536K [0x000000076ac00000, 0x0000000770100000, 0x00000007c0000000)
  eden space 65536K, 100% used [0x000000076ac00000,0x000000076ec00000,0x000000076ec00000)
  from space 10752K, 0% used [0x000000076f680000,0x000000076f680000,0x0000000770100000)
  to   space 10752K, 0% used [0x000000076ec00000,0x000000076ec00000,0x000000076f680000)
 ParOldGen       total 175104K, used 0K [0x00000006c0400000, 0x00000006caf00000, 0x000000076ac00000)
  object space 175104K, 0% used [0x00000006c0400000,0x00000006c0400000,0x00000006caf00000)
 Metaspace       used 17589K, capacity 18362K, committed 18688K, reserved 1064960K
  class space    used 2201K, capacity 2441K, committed 2560K, reserved 1048576K
Event: 14.189 GC heap after
Heap after GC invocations=1 (full 0):
 PSYoungGen      total 76288K, used 10632K [0x000000076ac00000, 0x0000000770100000, 0x00000007c0000000)
  eden space 65536K, 0% used [0x000000076ac00000,0x000000076ac00000,0x000000076ec00000)
  from space 10752K, 98% used [0x000000076ec00000,0x000000076f662068,0x000000076f680000)
  to   space 10752K, 0% used [0x000000076f680000,0x000000076f680000,0x0000000770100000)
 ParOldGen       total 175104K, used 88K [0x00000006c0400000, 0x00000006caf00000, 0x000000076ac00000)
  object space 175104K, 0% used [0x00000006c0400000,0x00000006c0416010,0x00000006caf00000)
 Metaspace       used 17589K, capacity 18362K, committed 18688K, reserved 1064960K
  class space    used 2201K, capacity 2441K, committed 2560K, reserved 1048576K
}
Event: 14.681 GC heap before
{Heap before GC invocations=2 (full 0):
 PSYoungGen      total 76288K, used 24258K [0x000000076ac00000, 0x0000000770100000, 0x00000007c0000000)
  eden space 65536K, 20% used [0x000000076ac00000,0x000000076b94e8b0,0x000000076ec00000)
  from space 10752K, 98% used [0x000000076ec00000,0x000000076f662068,0x000000076f680000)
  to   space 10752K, 0% used [0x000000076f680000,0x000000076f680000,0x0000000770100000)
 ParOldGen       total 175104K, used 88K [0x00000006c0400000, 0x00000006caf00000, 0x000000076ac00000)
  object space 175104K, 0% used [0x00000006c0400000,0x00000006c0416010,0x00000006caf00000)
 Metaspace       used 20260K, capacity 21188K, committed 21248K, reserved 1067008K
  class space    used 2524K, capacity 2796K, committed 2816K, reserved 1048576K
Event: 14.693 GC heap after
Heap after GC invocations=2 (full 0):
 PSYoungGen      total 76288K, used 6946K [0x000000076ac00000, 0x0000000774100000, 0x00000007c0000000)
  eden space 65536K, 0% used [0x000000076ac00000,0x000000076ac00000,0x000000076ec00000)
  from space 10752K, 64% used [0x000000076f680000,0x000000076fd48970,0x0000000770100000)
  to   space 10752K, 0% used [0x000000076ec00000,0x000000076ec00000,0x000000076f680000)
 ParOldGen       total 175104K, used 96K [0x00000006c0400000, 0x00000006caf00000, 0x000000076ac00000)
  object space 175104K, 0% used [0x00000006c0400000,0x00000006c0418010,0x00000006caf00000)
 Metaspace       used 20260K, capacity 21188K, committed 21248K, reserved 1067008K
  class space    used 2524K, capacity 2796K, committed 2816K, reserved 1048576K
}
Event: 14.693 GC heap before
{Heap before GC invocations=3 (full 1):
 PSYoungGen      total 76288K, used 6946K [0x000000076ac00000, 0x0000000774100000, 0x00000007c0000000)
  eden space 65536K, 0% used [0x000000076ac00000,0x000000076ac00000,0x000000076ec00000)
  from space 10752K, 64% used [0x000000076f680000,0x000000076fd48970,0x0000000770100000)
  to   space 10752K, 0% used [0x000000076ec00000,0x000000076ec00000,0x000000076f680000)
 ParOldGen       total 175104K, used 96K [0x00000006c0400000, 0x00000006caf00000, 0x000000076ac00000)
  object space 175104K, 0% used [0x00000006c0400000,0x00000006c0418010,0x00000006caf00000)
 Metaspace       used 20260K, capacity 21188K, committed 21248K, reserved 1067008K
  class space    used 2524K, capacity 2796K, committed 2816K, reserved 1048576K
Event: 14.735 GC heap after
Heap after GC invocations=3 (full 1):
 PSYoungGen      total 76288K, used 0K [0x000000076ac00000, 0x0000000774100000, 0x00000007c0000000)
  eden space 65536K, 0% used [0x000000076ac00000,0x000000076ac00000,0x000000076ec00000)
  from space 10752K, 0% used [0x000000076f680000,0x000000076f680000,0x0000000770100000)
  to   space 10752K, 0% used [0x000000076ec00000,0x000000076ec00000,0x000000076f680000)
 ParOldGen       total 84992K, used 6766K [0x00000006c0400000, 0x00000006c5700000, 0x000000076ac00000)
  object space 84992K, 7% used [0x00000006c0400000,0x00000006c0a9ba58,0x00000006c5700000)
 Metaspace       used 20260K, capacity 21188K, committed 21248K, reserved 1067008K
  class space    used 2524K, capacity 2796K, committed 2816K, reserved 1048576K
}

Deoptimization events (10 events):
Event: 15.487 Thread 0x0000000002af4000 Uncommon trap: reason=unstable_if action=reinterpret pc=0x000000000335e8e8 method=org.apache.xmlbeans.impl.store.Xobj.ensureParent()Lorg/apache/xmlbeans/impl/store/Xobj; @ 10
Event: 15.487 Thread 0x0000000002af4000 Uncommon trap: reason=unstable_if action=reinterpret pc=0x000000000333d0cc method=org.apache.xmlbeans.impl.store.Cur.getParent(Z)Lorg/apache/xmlbeans/impl/store/Xobj; @ 26
Event: 15.487 Thread 0x0000000002af4000 Uncommon trap: reason=unstable_if action=reinterpret pc=0x00000000032e234c method=org.apache.xmlbeans.impl.store.Cur.isNormal()Z @ 60
Event: 15.487 Thread 0x0000000002af4000 Uncommon trap: reason=unstable_if action=reinterpret pc=0x00000000032f2370 method=org.apache.xmlbeans.impl.store.Cur.moveTo(Lorg/apache/xmlbeans/impl/store/Xobj;I)V @ 111
Event: 15.487 Thread 0x0000000002af4000 Uncommon trap: reason=unstable_if action=reinterpret pc=0x00000000032e4440 method=org.apache.xmlbeans.impl.store.Cur.moveToNoCheck(Lorg/apache/xmlbeans/impl/store/Xobj;I)V @ 5
Event: 15.487 Thread 0x0000000002af4000 Uncommon trap: reason=unstable_if action=reinterpret pc=0x0000000003334acc method=org.apache.xmlbeans.impl.store.Cur.isNormal()Z @ 60
Event: 15.487 Thread 0x0000000002af4000 Uncommon trap: reason=unstable_if action=reinterpret pc=0x00000000032c8b20 method=org.apache.xmlbeans.impl.store.Cur.isNormal()Z @ 60
Event: 15.488 Thread 0x0000000002af4000 Uncommon trap: reason=unstable_if action=reinterpret pc=0x00000000032c60e4 method=org.apache.xmlbeans.impl.store.Xobj.bitIsSet(I)Z @ 6
Event: 15.541 Thread 0x0000000002af4000 Uncommon trap: reason=unstable_if action=reinterpret pc=0x000000000328349c method=com.sun.org.apache.xerces.internal.impl.XMLEntityScanner.peekChar()I @ 14
Event: 15.585 Thread 0x0000000002af4000 Uncommon trap: reason=class_check action=maybe_recompile pc=0x00000000033185ac method=org.apache.xmlbeans.XmlOptions.hasOption(Ljava/lang/Object;)Z @ 5

Classes redefined (2 events):
Event: 143.101 Thread 0x000000001c257800 redefined class name=tests.GCartTest, count=1
Event: 226.051 Thread 0x000000001c257800 redefined class name=tests.GCartTest, count=2

Internal exceptions (10 events):
Event: 17.766 Thread 0x0000000002af4000 Exception <a 'java/net/SocketTimeoutException': Read timed out> (0x000000076c842e50) thrown at [C:\ade\jenkins\workspace\8-2-build-windows-amd64-cygwin\jdk8u241\331\hotspot\src\share\vm\prims\jni.cpp, line 736]
Event: 17.783 Thread 0x0000000002af4000 Exception <a 'java/net/SocketTimeoutException': Read timed out> (0x000000076c867f88) thrown at [C:\ade\jenkins\workspace\8-2-build-windows-amd64-cygwin\jdk8u241\331\hotspot\src\share\vm\prims\jni.cpp, line 736]
Event: 17.825 Thread 0x0000000002af4000 Exception <a 'java/net/SocketTimeoutException': Read timed out> (0x000000076c8983c0) thrown at [C:\ade\jenkins\workspace\8-2-build-windows-amd64-cygwin\jdk8u241\331\hotspot\src\share\vm\prims\jni.cpp, line 736]
Event: 17.841 Thread 0x0000000002af4000 Exception <a 'java/net/SocketTimeoutException': Read timed out> (0x000000076c8bd398) thrown at [C:\ade\jenkins\workspace\8-2-build-windows-amd64-cygwin\jdk8u241\331\hotspot\src\share\vm\prims\jni.cpp, line 736]
Event: 17.877 Thread 0x0000000002af4000 Exception <a 'java/net/SocketTimeoutException': Read timed out> (0x000000076c8ed7d0) thrown at [C:\ade\jenkins\workspace\8-2-build-windows-amd64-cygwin\jdk8u241\331\hotspot\src\share\vm\prims\jni.cpp, line 736]
Event: 17.890 Thread 0x0000000002af4000 Exception <a 'java/net/SocketTimeoutException': Read timed out> (0x000000076c9127a8) thrown at [C:\ade\jenkins\workspace\8-2-build-windows-amd64-cygwin\jdk8u241\331\hotspot\src\share\vm\prims\jni.cpp, line 736]
Event: 17.935 Thread 0x0000000002af4000 Exception <a 'java/net/SocketTimeoutException': Read timed out> (0x000000076c942be0) thrown at [C:\ade\jenkins\workspace\8-2-build-windows-amd64-cygwin\jdk8u241\331\hotspot\src\share\vm\prims\jni.cpp, line 736]
Event: 17.962 Thread 0x0000000002af4000 Exception <a 'java/net/SocketTimeoutException': Read timed out> (0x000000076c967bb8) thrown at [C:\ade\jenkins\workspace\8-2-build-windows-amd64-cygwin\jdk8u241\331\hotspot\src\share\vm\prims\jni.cpp, line 736]
Event: 18.012 Thread 0x0000000002af4000 Exception <a 'java/net/SocketTimeoutException': Read timed out> (0x000000076c9981a0) thrown at [C:\ade\jenkins\workspace\8-2-build-windows-amd64-cygwin\jdk8u241\331\hotspot\src\share\vm\prims\jni.cpp, line 736]
Event: 18.045 Thread 0x0000000002af4000 Exception <a 'java/net/SocketTimeoutException': Read timed out> (0x000000076ca15308) thrown at [C:\ade\jenkins\workspace\8-2-build-windows-amd64-cygwin\jdk8u241\331\hotspot\src\share\vm\prims\jni.cpp, line 736]

Events (10 events):
Event: 226.051 Executing VM operation: RedefineClasses done
Event: 226.078 Executing VM operation: ChangeBreakpoints
Event: 226.079 Executing VM operation: ChangeBreakpoints done
Event: 226.079 Executing VM operation: ChangeBreakpoints
Event: 226.081 Executing VM operation: ChangeBreakpoints done
Event: 226.251 Executing VM operation: GetOwnedMonitorInfo
Event: 226.251 Executing VM operation: GetOwnedMonitorInfo done
Event: 226.252 Executing VM operation: GetCurrentContendedMonitor
Event: 226.252 Executing VM operation: GetCurrentContendedMonitor done
Event: 226.357 Executing VM operation: GetOrSetLocal


Dynamic libraries:
0x00007ff7d09b0000 - 0x00007ff7d09e7000 	C:\Program Files\Java\jre1.8.0_241\bin\javaw.exe
0x00007ffd986c0000 - 0x00007ffd988b0000 	C:\WINDOWS\SYSTEM32\ntdll.dll
0x00007ffd88f20000 - 0x00007ffd88f33000 	C:\Program Files\AVAST Software\Avast\aswhook.dll
0x00007ffd98310000 - 0x00007ffd983c2000 	C:\WINDOWS\System32\KERNEL32.DLL
0x00007ffd964c0000 - 0x00007ffd96763000 	C:\WINDOWS\System32\KERNELBASE.dll
0x00007ffd968a0000 - 0x00007ffd96943000 	C:\WINDOWS\System32\ADVAPI32.dll
0x00007ffd977f0000 - 0x00007ffd9788e000 	C:\WINDOWS\System32\msvcrt.dll
0x00007ffd97080000 - 0x00007ffd97117000 	C:\WINDOWS\System32\sechost.dll
0x00007ffd983d0000 - 0x00007ffd984f0000 	C:\WINDOWS\System32\RPCRT4.dll
0x00007ffd98170000 - 0x00007ffd98304000 	C:\WINDOWS\System32\USER32.dll
0x00007ffd96280000 - 0x00007ffd962a1000 	C:\WINDOWS\System32\win32u.dll
0x00007ffd96a80000 - 0x00007ffd96aa6000 	C:\WINDOWS\System32\GDI32.dll
0x00007ffd960e0000 - 0x00007ffd96274000 	C:\WINDOWS\System32\gdi32full.dll
0x00007ffd95750000 - 0x00007ffd957ee000 	C:\WINDOWS\System32\msvcp_win.dll
0x00007ffd95650000 - 0x00007ffd9574a000 	C:\WINDOWS\System32\ucrtbase.dll
0x00007ffd89d20000 - 0x00007ffd89fa5000 	C:\WINDOWS\WinSxS\amd64_microsoft.windows.common-controls_6595b64144ccf1df_6.0.18362.720_none_e6beb5c51314836b\COMCTL32.dll
0x00007ffd96d30000 - 0x00007ffd97066000 	C:\WINDOWS\System32\combase.dll
0x00007ffd96390000 - 0x00007ffd96410000 	C:\WINDOWS\System32\bcryptPrimitives.dll
0x00007ffd984f0000 - 0x00007ffd9851e000 	C:\WINDOWS\System32\IMM32.DLL
0x0000000050100000 - 0x00000000501d2000 	C:\Program Files\Java\jre1.8.0_241\bin\msvcr100.dll
0x0000000077750000 - 0x0000000077ffc000 	C:\Program Files\Java\jre1.8.0_241\bin\server\jvm.dll
0x00007ffd97070000 - 0x00007ffd97078000 	C:\WINDOWS\System32\PSAPI.DLL
0x00007ffd87c80000 - 0x00007ffd87c89000 	C:\WINDOWS\SYSTEM32\WSOCK32.dll
0x00007ffd96a10000 - 0x00007ffd96a7f000 	C:\WINDOWS\System32\WS2_32.dll
0x00007ffd92250000 - 0x00007ffd92274000 	C:\WINDOWS\SYSTEM32\WINMM.dll
0x00007ffd8e8b0000 - 0x00007ffd8e8ba000 	C:\WINDOWS\SYSTEM32\VERSION.dll
0x00007ffd92210000 - 0x00007ffd9223d000 	C:\WINDOWS\SYSTEM32\WINMMBASE.dll
0x00007ffd962b0000 - 0x00007ffd962fa000 	C:\WINDOWS\System32\cfgmgr32.dll
0x00007ffd808d0000 - 0x00007ffd808df000 	C:\Program Files\Java\jre1.8.0_241\bin\verify.dll
0x00007ffd744b0000 - 0x00007ffd744d9000 	C:\Program Files\Java\jre1.8.0_241\bin\java.dll
0x00007ffd8f510000 - 0x00007ffd8f545000 	C:\Program Files\Java\jre1.8.0_241\bin\jdwp.dll
0x00007ffd8f560000 - 0x00007ffd8f568000 	C:\Program Files\Java\jre1.8.0_241\bin\npt.dll
0x00007ffd74490000 - 0x00007ffd744a6000 	C:\Program Files\Java\jre1.8.0_241\bin\zip.dll
0x00007ffd97a80000 - 0x00007ffd98165000 	C:\WINDOWS\System32\SHELL32.dll
0x00007ffd96950000 - 0x00007ffd969f9000 	C:\WINDOWS\System32\shcore.dll
0x00007ffd957f0000 - 0x00007ffd95f70000 	C:\WINDOWS\System32\windows.storage.dll
0x00007ffd95620000 - 0x00007ffd95643000 	C:\WINDOWS\System32\profapi.dll
0x00007ffd955d0000 - 0x00007ffd9561a000 	C:\WINDOWS\System32\powrprof.dll
0x00007ffd95580000 - 0x00007ffd95590000 	C:\WINDOWS\System32\UMPDC.dll
0x00007ffd96840000 - 0x00007ffd96892000 	C:\WINDOWS\System32\shlwapi.dll
0x00007ffd955b0000 - 0x00007ffd955c1000 	C:\WINDOWS\System32\kernel.appcore.dll
0x00007ffd960c0000 - 0x00007ffd960d7000 	C:\WINDOWS\System32\cryptsp.dll
0x00007ffd8ec30000 - 0x00007ffd8ec39000 	C:\Program Files\Java\jre1.8.0_241\bin\dt_socket.dll
0x00007ffd755e0000 - 0x00007ffd755f6000 	C:\WINDOWS\system32\napinsp.dll
0x00007ffd755c0000 - 0x00007ffd755da000 	C:\WINDOWS\system32\pnrpnsp.dll
0x00007ffd94df0000 - 0x00007ffd94e57000 	C:\WINDOWS\System32\mswsock.dll
0x00007ffd94ae0000 - 0x00007ffd94baa000 	C:\WINDOWS\SYSTEM32\DNSAPI.dll
0x00007ffd96a00000 - 0x00007ffd96a08000 	C:\WINDOWS\System32\NSI.dll
0x00007ffd94aa0000 - 0x00007ffd94ada000 	C:\WINDOWS\SYSTEM32\IPHLPAPI.DLL
0x00007ffd87bf0000 - 0x00007ffd87bfe000 	C:\WINDOWS\System32\winrnr.dll
0x00007ffd91be0000 - 0x00007ffd91bfc000 	C:\WINDOWS\system32\NLAapi.dll
0x00007ffd76330000 - 0x00007ffd76345000 	C:\WINDOWS\system32\wshbth.dll
0x00007ffd8f5e0000 - 0x00007ffd8f657000 	C:\WINDOWS\System32\fwpuclnt.dll
0x00007ffd96360000 - 0x00007ffd96386000 	C:\WINDOWS\System32\bcrypt.dll
0x00007ffd8cdb0000 - 0x00007ffd8cdba000 	C:\Windows\System32\rasadhlp.dll
0x00007ffd74470000 - 0x00007ffd7448a000 	C:\Program Files\Java\jre1.8.0_241\bin\net.dll
0x00007ffd94900000 - 0x00007ffd94933000 	C:\WINDOWS\system32\rsaenh.dll
0x00007ffd954a0000 - 0x00007ffd954c5000 	C:\WINDOWS\SYSTEM32\USERENV.dll
0x00007ffd94fc0000 - 0x00007ffd94fcc000 	C:\WINDOWS\SYSTEM32\CRYPTBASE.dll
0x00007ffd8faa0000 - 0x00007ffd8fab6000 	C:\WINDOWS\SYSTEM32\dhcpcsvc6.DLL
0x00007ffd8fb40000 - 0x00007ffd8fb5c000 	C:\WINDOWS\SYSTEM32\dhcpcsvc.DLL
0x00007ffd74450000 - 0x00007ffd74462000 	C:\Program Files\Java\jre1.8.0_241\bin\nio.dll
0x00007ffd71f30000 - 0x00007ffd71f54000 	C:\Program Files\Java\jre1.8.0_241\bin\sunec.dll
0x00007ffd905b0000 - 0x00007ffd905bb000 	C:\Program Files\Java\jre1.8.0_241\bin\sunmscapi.dll
0x00007ffd95f70000 - 0x00007ffd960b9000 	C:\WINDOWS\System32\CRYPT32.dll
0x00007ffd95590000 - 0x00007ffd955a2000 	C:\WINDOWS\System32\MSASN1.dll

VM Arguments:
jvm_args: -agentlib:jdwp=transport=dt_socket,suspend=y,address=localhost:59477 -ea -Dfile.encoding=Cp1252 
java_command: org.testng.remote.RemoteTestNG -serport 59470 -protocol json -d C:\Users\john\git\ITBootcampQAFinalProject\FinalProject\test-output C:\Users\john\AppData\Local\Temp\testng-eclipse--412662999\testng-customsuite.xml
java_class_path (initial): C:\Users\john\Desktop\eclipse\configuration\org.eclipse.osgi\999\0\.cp\lib\testng-remote.jar;C:\Users\john\git\ITBootcampQAFinalProject\FinalProject\bin;C:\Users\john\git\ITBootcampQAFinalProject\FinalProject\lib\activation-1.1.1.jar;C:\Users\john\git\ITBootcampQAFinalProject\FinalProject\lib\byte-buddy-1.8.15.jar;C:\Users\john\git\ITBootcampQAFinalProject\FinalProject\lib\client-combined-3.141.59-sources.jar;C:\Users\john\git\ITBootcampQAFinalProject\FinalProject\lib\client-combined-3.141.59.jar;C:\Users\john\git\ITBootcampQAFinalProject\FinalProject\lib\commons-codec-1.13.jar;C:\Users\john\git\ITBootcampQAFinalProject\FinalProject\lib\commons-collections4-4.4.jar;C:\Users\john\git\ITBootcampQAFinalProject\FinalProject\lib\commons-compress-1.19.jar;C:\Users\john\git\ITBootcampQAFinalProject\FinalProject\lib\commons-exec-1.3.jar;C:\Users\john\git\ITBootcampQAFinalProject\FinalProject\lib\commons-logging-1.2.jar;C:\Users\john\git\ITBootcampQAFinalProject\FinalProject\lib\commons-math3-3.6.1.jar;C:\Users\john\git\ITBootcampQAFinalProject\FinalProject\lib\curvesapi-1.06.jar;C:\Users\john\git\ITBootcampQAFinalProject\FinalProject\lib\guava-25.0-jre.jar;C:\Users\john\git\ITBootcampQAFinalProject\FinalProject\lib\jaxb-api-2.3.1.jar;C:\Users\john\git\ITBootcampQAFinalProject\FinalProject\lib\jaxb-core-2.3.0.1.jar;C:\Users\john\git\ITBootcampQAFinalProject\FinalProject\lib\jaxb-impl-2.3.2.jar;C:\Users\john\git\ITBootcampQAFinalProject\FinalProject\lib\junit-4.12.jar;C:\Users\john\git\ITBootcampQAFinalProject\FinalProject\lib\log4j-1.2.17.jar;C:\Users\john\git\ITBootcampQAFinalProject\FinalProject\lib\okhttp-3.11.0.jar;C:\Users\john\git\ITBootcampQAFinalProject\FinalProject\lib\okio-1.14.0.jar;C:\Users\john\git\ITBootcampQAFinalProject\FinalProject\lib\poi-4.1.2.jar;C:\Users\john\git\ITBootcampQAFinalProject\FinalProject\lib\poi-examples-4.1.2.jar;C:\Users\john\git\ITBootcampQAFinalProject\FinalProject\lib\poi-excelant-4.1.2.jar;C:\Users\john\git
Launcher Type: SUN_STANDARD

Environment Variables:
JAVA_HOME=C:\Program Files\Java\jdk1.8.0_241\bin
PATH=C:/Program Files/Java/jre1.8.0_241/bin/server;C:/Program Files/Java/jre1.8.0_241/bin;C:/Program Files/Java/jre1.8.0_241/lib/amd64;C:\Program Files (x86)\Common Files\Oracle\Java\javapath;C:\Program Files (x86)\Common Files\Intel\Shared Libraries\redist\intel64\compiler;C:\ProgramData\Oracle\Java\javapath;C:\WINDOWS\system32;C:\WINDOWS;C:\WINDOWS\System32\Wbem;C:\WINDOWS\System32\WindowsPowerShell\v1.0\;C:\Program Files\Common Files\Autodesk Shared\;C:\Program Files (x86)\Autodesk\Backburner\;C:\WINDOWS\System32\OpenSSH\;C:\Program Files\Git\cmd;C:\Users\john\AppData\Local\Microsoft\WindowsApps;C:\Program Files\Java\jdk1.8.0_241\bin;;C:\Users\john\Desktop\eclipse;
USERNAME=john
OS=Windows_NT
PROCESSOR_IDENTIFIER=AMD64 Family 21 Model 1 Stepping 2, AuthenticAMD



---------------  S Y S T E M  ---------------

OS: Windows 10.0 , 64 bit Build 18362 (10.0.18362.329)

CPU:total 4 (initial active 4) (4 cores per cpu, 1 threads per core) family 21 model 1 stepping 2, cmov, cx8, fxsr, mmx, sse, sse2, sse3, ssse3, sse4.1, sse4.2, popcnt, avx, aes, clmul, mmxext, 3dnowpref, lzcnt, sse4a, tsc, tscinvbit, tscinv

Memory: 4k page, physical 16759988k(10779988k free), swap 19250356k(11532588k free)

vm_info: Java HotSpot(TM) 64-Bit Server VM (25.241-b07) for windows-amd64 JRE (1.8.0_241-b07), built on Dec 11 2019 10:21:40 by "rejava" with MS VC++ 10.0 (VS2010)

time: Wed Apr 08 21:09:46 2020
timezone: Central Europe Summer Time
elapsed time: 226 seconds (0d 0h 3m 46s)

